# JRE version: OpenJDK Runtime Environment (11.0.11+9) (build 11.0.11+9-Ubuntu-0ubuntu2.20.04)
# Java VM: OpenJDK 64-Bit Server VM (11.0.11+9-Ubuntu-0ubuntu2.20.04, mixed mode, sharing, tiered, compressed oops, g1 gc, linux-amd64)
Heap:
 garbage-first heap   total 129024K, used 48827K [0x0000000084c00000, 0x0000000100000000)
  region size 1024K, 40 young (40960K), 5 survivors (5120K)
 Metaspace       used 26717K, capacity 27791K, committed 28080K, reserved 1073152K
  class space    used 3334K, capacity 3788K, committed 3840K, reserved 1048576K
GC Heap History (6 events):
Event: 1,009 GC heap before
{Heap before GC invocations=0 (full 0):
 garbage-first heap   total 129024K, used 24264K [0x0000000084c00000, 0x0000000100000000)
  region size 1024K, 24 young (24576K), 0 survivors (0K)
 Metaspace       used 8866K, capacity 9334K, committed 9344K, reserved 1056768K
  class space    used 943K, capacity 1144K, committed 1152K, reserved 1048576K
}
Event: 1,020 GC heap after
{Heap after GC invocations=1 (full 0):
 garbage-first heap   total 129024K, used 3979K [0x0000000084c00000, 0x0000000100000000)
  region size 1024K, 3 young (3072K), 3 survivors (3072K)
 Metaspace       used 8866K, capacity 9334K, committed 9344K, reserved 1056768K
  class space    used 943K, capacity 1144K, committed 1152K, reserved 1048576K
}
Event: 2,097 GC heap before
{Heap before GC invocations=1 (full 0):
 garbage-first heap   total 129024K, used 75659K [0x0000000084c00000, 0x0000000100000000)
  region size 1024K, 74 young (75776K), 3 survivors (3072K)
 Metaspace       used 18379K, capacity 19192K, committed 19456K, reserved 1067008K
  class space    used 2179K, capacity 2523K, committed 2560K, reserved 1048576K
}
Event: 2,117 GC heap after
{Heap after GC invocations=2 (full 0):
 garbage-first heap   total 129024K, used 8293K [0x0000000084c00000, 0x0000000100000000)
  region size 1024K, 8 young (8192K), 8 survivors (8192K)
 Metaspace       used 18379K, capacity 19192K, committed 19456K, reserved 1067008K
  class space    used 2179K, capacity 2523K, committed 2560K, reserved 1048576K
}
Event: 2,258 GC heap before
{Heap before GC invocations=2 (full 0):
 garbage-first heap   total 129024K, used 26725K [0x0000000084c00000, 0x0000000100000000)
  region size 1024K, 27 young (27648K), 8 survivors (8192K)
 Metaspace       used 20344K, capacity 21170K, committed 21296K, reserved 1067008K
  class space    used 2488K, capacity 2856K, committed 2944K, reserved 1048576K
}
Event: 2,266 GC heap after
{Heap after GC invocations=3 (full 0):
 garbage-first heap   total 129024K, used 8891K [0x0000000084c00000, 0x0000000100000000)
  region size 1024K, 5 young (5120K), 5 survivors (5120K)
 Metaspace       used 20344K, capacity 21170K, committed 21296K, reserved 1067008K
  class space    used 2488K, capacity 2856K, committed 2944K, reserved 1048576K
}

